# Building C bootstrap tool.
cmd/dist

# Building compilers and Go bootstrap tool for host, linux/amd64.
lib9
libbio
libmach
misc/pprof
cmd/addr2line
cmd/nm
cmd/objdump
cmd/pack
cmd/prof
cmd/cc
cmd/gc
cmd/6l
cmd/5l
cmd/6a
cmd/5a
cmd/6c
cmd/5c
cmd/6g
cmd/5g
pkg/runtime
pkg/errors
pkg/sync/atomic
pkg/sync
pkg/io
pkg/unicode
pkg/unicode/utf8
pkg/unicode/utf16
pkg/bytes
pkg/math
pkg/strings
pkg/strconv
pkg/bufio
pkg/sort
pkg/container/heap
pkg/encoding/base64
pkg/syscall
pkg/time
pkg/os
pkg/reflect
pkg/fmt
pkg/encoding
pkg/encoding/json
pkg/flag
pkg/path/filepath
pkg/path
pkg/io/ioutil
pkg/log
pkg/regexp/syntax
pkg/regexp
pkg/go/token
pkg/go/scanner
pkg/go/ast
pkg/go/parser
pkg/os/exec
pkg/os/signal
pkg/net/url
pkg/text/template/parse
pkg/text/template
pkg/go/doc
pkg/go/build
cmd/go
pkg/runtime (linux/arm)

# Building packages and commands for host, linux/amd64.
runtime
errors
sync/atomic
unicode
unicode/utf8
math
sort
encoding
unicode/utf16
crypto/subtle
container/list
container/ring
image/color
runtime/race
image/color/palette
sync
container/heap
io
syscall
bytes
hash
strings
crypto/cipher
hash/crc32
crypto/hmac
hash/adler32
hash/crc64
hash/fnv
text/tabwriter
bufio
path
html
time
compress/bzip2
strconv
math/rand
math/cmplx
os
crypto
reflect
encoding/base64
regexp/syntax
net/url
crypto/aes
crypto/rc4
crypto/md5
crypto/sha1
crypto/sha256
encoding/pem
crypto/sha512
encoding/ascii85
encoding/base32
path/filepath
os/exec
os/signal
regexp
image
io/ioutil
encoding/binary
fmt
debug/dwarf
crypto/des
index/suffixarray
image/draw
image/jpeg
debug/elf
debug/macho
debug/pe
flag
go/token
encoding/json
encoding/xml
text/template/parse
log
compress/flate
math/big
go/scanner
encoding/hex
mime
runtime/pprof
go/ast
cmd/yacc
compress/gzip
text/template
archive/tar
archive/zip
crypto/elliptic
crypto/rand
crypto/dsa
crypto/rsa
encoding/asn1
crypto/ecdsa
compress/lzw
compress/zlib
database/sql/driver
debug/gosym
encoding/csv
encoding/gob
go/parser
go/printer
go/doc
database/sql
crypto/x509/pkix
html/template
image/gif
image/png
runtime/debug
testing
go/build
testing/iotest
cmd/cgo
go/format
cmd/gofmt
testing/quick
cmd/fix
text/scanner
runtime/cgo
net
os/user
crypto/x509
net/textproto
log/syslog
mime/multipart
net/mail
crypto/tls
net/http
net/smtp
cmd/go
expvar
net/http/cgi
net/http/cookiejar
net/http/httptest
net/http/httputil
net/http/pprof
net/rpc
net/http/fcgi
net/rpc/jsonrpc

# Building packages and commands for linux/arm.
runtime
errors
sync/atomic
unicode
unicode/utf8
math
sort
encoding
unicode/utf16
crypto/subtle
container/list
container/ring
container/heap
image/color
runtime/race
sync
image/color/palette
io
syscall
bytes
hash
strings
crypto/cipher
hash/crc32
crypto/hmac
hash/adler32
hash/crc64
hash/fnv
text/tabwriter
bufio
compress/bzip2
path
html
time
strconv
math/rand
math/cmplx
os
path/filepath
net
os/signal
crypto
reflect
os/exec
encoding/base64
regexp/syntax
net/url
crypto/md5
crypto/aes
io/ioutil
crypto/rc4
crypto/sha1
crypto/sha256
encoding/pem
crypto/sha512
regexp
encoding/ascii85
encoding/base32
image
image/draw
image/jpeg
encoding/binary
fmt
debug/dwarf
crypto/des
index/suffixarray
debug/elf
debug/macho
debug/pe
flag
go/token
encoding/json
encoding/xml
text/template/parse
log
go/scanner
compress/flate
math/big
encoding/hex
mime
go/ast
net/textproto
runtime/pprof
cmd/yacc
archive/tar
compress/lzw
compress/gzip
archive/zip
crypto/elliptic
text/template
crypto/rand
crypto/dsa
encoding/asn1
compress/zlib
go/parser
go/printer
crypto/rsa
mime/multipart
go/doc
database/sql/driver
crypto/ecdsa
debug/gosym
crypto/x509/pkix
database/sql
encoding/csv
crypto/x509
encoding/gob
html/template
go/build
image/gif
cmd/cgo
go/format
cmd/gofmt
cmd/fix
image/png
crypto/tls
log/syslog
net/mail
os/user
runtime/debug
testing
testing/iotest
testing/quick
text/scanner
net/http
net/smtp
cmd/go
expvar
net/http/cgi
net/http/cookiejar
net/http/httptest
net/http/httputil
net/http/pprof
net/rpc
net/http/fcgi
net/rpc/jsonrpc


---
Installed Go for linux/arm in /home/eggfly/go_build/go
Installed commands in /home/eggfly/go_build/go/bin
